c:\users\nickj\desktop\code\c++ projects\cps511terrain\cps511terrain\debug\vc142.pdb
c:\users\nickj\desktop\code\c++ projects\cps511terrain\cps511terrain\debug\vc142.idb
c:\users\nickj\desktop\code\c++ projects\cps511terrain\cps511terrain\debug\vector3d.obj
c:\users\nickj\desktop\code\c++ projects\cps511terrain\cps511terrain\debug\quadmesh.obj
c:\users\nickj\desktop\code\c++ projects\cps511terrain\cps511terrain\debug\cubemesh.obj
c:\users\nickj\desktop\code\c++ projects\cps511terrain\cps511terrain\debug\main.obj
c:\users\nickj\desktop\code\c++ projects\cps511terrain\debug\cps511terrain.lib
c:\users\nickj\desktop\code\c++ projects\cps511terrain\debug\cps511terrain.exp
c:\users\nickj\desktop\code\c++ projects\cps511terrain\debug\cps511terrain.exe
c:\users\nickj\desktop\code\c++ projects\cps511terrain\debug\cps511terrain.ilk
c:\users\nickj\desktop\code\c++ projects\cps511terrain\debug\cps511terrain.pdb
c:\users\nickj\desktop\code\c++ projects\cps511terrain\cps511terrain\debug\main.new.obj.enc
c:\users\nickj\desktop\code\c++ projects\cps511terrain\cps511terrain\debug\quadmesh.obj.enc
c:\users\nickj\desktop\code\c++ projects\cps511terrain\cps511terrain\debug\cps511terrain.tlog\cl.command.1.tlog
c:\users\nickj\desktop\code\c++ projects\cps511terrain\cps511terrain\debug\cps511terrain.tlog\cl.read.1.tlog
c:\users\nickj\desktop\code\c++ projects\cps511terrain\cps511terrain\debug\cps511terrain.tlog\cl.write.1.tlog
c:\users\nickj\desktop\code\c++ projects\cps511terrain\cps511terrain\debug\cps511terrain.tlog\cps511terrain.write.1u.tlog
c:\users\nickj\desktop\code\c++ projects\cps511terrain\cps511terrain\debug\cps511terrain.tlog\link.command.1.tlog
c:\users\nickj\desktop\code\c++ projects\cps511terrain\cps511terrain\debug\cps511terrain.tlog\link.read.1.tlog
c:\users\nickj\desktop\code\c++ projects\cps511terrain\cps511terrain\debug\cps511terrain.tlog\link.write.1.tlog
